<?xml version="1.0" encoding="UTF-8"?>
<Site BuildName="Win32-mingw32-make"
	BuildStamp="20231201-1523-Experimental"
	Name="RaV"
	Generator="ctest-3.28.0-rc5"
	CompilerName="C:/Program Files/MinGW/bin/g++.exe"
	CompilerVersion="11.2.0"
	OSName="Windows"
	Hostname="RaV"
	OSRelease=" Personal"
	OSVersion=" (Build 22000)"
	OSPlatform="AMD64"
	Is64Bits="1"
	VendorString="GenuineIntel"
	VendorID="Intel Corporation"
	FamilyID="6"
	ModelID="5"
	ProcessorCacheSize="-1"
	NumberOfLogicalCPU="16"
	NumberOfPhysicalCPU="8"
	TotalVirtualMemory="37504"
	TotalPhysicalMemory="32640"
	LogicalProcessorsPerPhysical="2"
	ProcessorClockFrequency="2208"
	>
	<Testing>
		<StartDateTime>Dec 01 16:26 Central European Standard Time</StartDateTime>
		<StartTestTime>1701444418</StartTestTime>
		<TestList/>
		<EndDateTime>Dec 01 16:26 Central European Standard Time</EndDateTime>
		<EndTestTime>1701444418</EndTestTime>
		<ElapsedMinutes>0</ElapsedMinutes>
	</Testing>
</Site>
